nandinimundra@Nandinis-MacBook-Air HW3 % python3 -m src.main -g all
main options {'dump': False, 'file': '../data/input.csv', 'Far': 0.95, 'go': 'all', 'help': False, 'min': 0.5, 'p': 2, 'seed': 937162211, 'Sample': 512}
{:Far 0.95 :Sample 512 :dump False :file ../data/input.csv :go all :help False :min 0.5 :p 2 :seed 937162211}
✅ pass: the
✅ pass: rand
✅ pass: sym
✅ pass: num
✅ pass: csv
✅ pass: data
✅ pass: clone
0 0 {8 360 215 4615 14 70 1 10}
0 0.0 {8 360 215 4615 14 70 1 10}
50 0.14 {8 318 150 4237 14.5 73 1 10}
100 0.3 {6 250 100 3336 17 74 1 20}
150 0.39 {6 225 100 3630 17.7 77 1 20}
200 0.57 {4 116 90 2123 14 71 2 30}
250 0.62 {4 79 67 2000 16 74 2 30}
300 0.7 {4 135 84 2295 11.6 82 1 30}
350 0.78 {4 134 95 2515 14.8 78 3 20}
✅ pass: around
200 198 398
[4, 140, 90, 2264, 15.5, 71, 1, 30]
{4 140 90 2264 15.5 71 1 30} 0.5176340263905833
{4 112 88 2605 19.6 82 1 30}
{8 305 145 3880 12.5 77 1 20}
✅ pass: half
 398  
{:Acc+ 15.6 :Lbs- 2970.4 :Mpg+ 23.8}
|  200  

| |  101  

| | |  51  

| | | |  26  
{:Acc+ 16.1 :Lbs- 2702.1 :Mpg+ 22.3}
| | | |  25  
{:Acc+ 15.9 :Lbs- 2708.5 :Mpg+ 27.2}
| | |  50  

| | | |  26  
{:Acc+ 16.6 :Lbs- 3199.7 :Mpg+ 20.8}
| | | |  24  
{:Acc+ 16.6 :Lbs- 3488.5 :Mpg+ 19.2}
| |  99  

| | |  50  

| | | |  26  
{:Acc+ 14.9 :Lbs- 3771.2 :Mpg+ 17.3}
| | | |  24  
{:Acc+ 14.7 :Lbs- 3619.6 :Mpg+ 20.8}
| | |  49  

| | | |  25  
{:Acc+ 13.1 :Lbs- 4125.8 :Mpg+ 13.2}
| | | |  24  
{:Acc+ 11.8 :Lbs- 4292.9 :Mpg+ 12.5}
|  198  

| |  100  

| | |  51  

| | | |  26  
{:Acc+ 16.0 :Lbs- 2200.0 :Mpg+ 25.8}
| | | |  25  
{:Acc+ 16.8 :Lbs- 2101.6 :Mpg+ 31.6}
| | |  49  

| | | |  25  
{:Acc+ 17.0 :Lbs- 2391.9 :Mpg+ 34.0}
| | | |  24  
{:Acc+ 16.4 :Lbs- 2281.7 :Mpg+ 33.3}
| |  98  

| | |  50  

| | | |  26  
{:Acc+ 13.4 :Lbs- 3218.2 :Mpg+ 18.8}
| | | |  24  
{:Acc+ 17.5 :Lbs- 2076.9 :Mpg+ 29.2}
| | |  48  

| | | |  25  
{:Acc+ 15.4 :Lbs- 2898.2 :Mpg+ 24.4}
| | | |  23  
{:Acc+ 16.9 :Lbs- 2433.9 :Mpg+ 32.2}
✅ pass: cluster
 398  
{:Acc+ 15.6 :Lbs- 2970.4 :Mpg+ 23.8}
|  200  

| |  101  

| | |  51  

| | | |  26  
{:Acc+ 16.6 :Lbs- 2118.7 :Mpg+ 35.8}
✅ pass: optimize
nandinimundra@Nandinis-MacBook-Air HW3 % 
