Run cd HW7
main options {'dump': False, 'go': 'all', 'help': False, 'seed': 937162211}
{'dump': False, 'go': 'all', 'help': False, 'seed': 937162211}
{:dump None :go None :help None :seed None }
✅ pass: the
None
✅ pass: ok
 beaca
 ddddb
 adadd
 eadcb
 eacaa
 aeadb
 daebd
 debcb
 bdcad
 eabca
✅ pass: sample
10 5.5 3.0276503540974917
✅ pass: num
10001 10.01323810134875 1.970763299853688
✅ pass: gauss
 mu sd cliffs boot both
 -- -- ------ ---- ----
 10.0 1 1 True True
 10.1 1 1 True True
 10.2 1 1 True True
 10.3 1 1 True True
 10.4 1 1 True True
 10.5 1 1 False False
 10.6 1 1 False False
 10.7 1 1 False False
 10.8 1 1 False False
 10.9 1 0 False 0
 11.0 1 0 False 0
✅ pass: bootmu
		truee True 1
		false True 0
		false False 0
✅ pass: basic

eg3
	 1 True True True
	 1.05 True True True
	 1.1 False False True
	 1.15 False False True
	 1.2 False False True
	 1.25 False False True
	 1.3 False False True
	 1.35 False False True
	 1.4 False False True
✅ pass: pre
rx5 1 ------   *------    |                    ['  0.10', '  0.20', '  0.30', '  0.30', '  0.40']
rx3 1   ------    *---    |                    ['  0.15', '  0.25', '  0.35', '  0.35', '  0.40']
rx1 2             --------*-----               ['  0.34', '  0.49', '  0.51', '  0.51', '  0.60']
rx4 3                     |    ------    *-----['  0.60', '  0.70', '  0.80', '  0.80', '  0.90']
rx2 3                     |    ------    *-----['  0.60', '  0.70', '  0.80', '  0.80', '  0.90']
✅ pass: five
rx1 1 -----------         *--------------------[' 99.00', ' 99.50', '100.00', '100.00', '101.00']
rx3 1 -----------         *--------------------[' 99.00', ' 99.50', '100.00', '100.00', '101.00']
rx4 1 -                   *                   -[' 99.00', ' 99.00', '100.00', '101.00', '101.00']
rx2 1 -                   *                   -[' 99.00', ' 99.00', '100.00', '101.00', '101.00']
✅ pass: six
 rx1   -*-               |                    ['  8.58', '  9.33', '  9.91', ' 10.43', ' 11.14']
 rx7   -*-               |                    ['  8.68', '  9.45', '  9.98', ' 10.46', ' 11.29']
 rx10   -*-               |                    ['  8.73', '  9.45', ' 10.00', ' 10.52', ' 11.30']
 rx2   -*-               |                    ['  8.88', '  9.61', ' 10.12', ' 10.66', ' 11.41']
 rx3            --*-     |                    [' 18.63', ' 19.48', ' 20.02', ' 20.57', ' 21.36']
 rx8                     |          -*-       [' 38.72', ' 39.49', ' 39.99', ' 40.49', ' 41.14']
 rx5                     |-*--                [' 28.89', ' 29.58', ' 30.10', ' 30.64', ' 31.41']
 rx4                     |-*--                [' 28.71', ' 29.46', ' 30.02', ' 30.55', ' 31.36']
 rx6   -*-               |                    ['  8.76', '  9.55', ' 10.09', ' 10.61', ' 11.34']
 rx9                     |       --- * ---    [' 36.34', ' 38.51', ' 40.11', ' 41.88', ' 43.96']
✅ pass: tiles
 1 rx7  -*--               |                    ['  8.83', '  9.48', '  9.98', ' 10.50', ' 11.31']
 1 rx6  -*--               |                    ['  8.67', '  9.46', '  9.99', ' 10.53', ' 11.28']
 1 rx10  -*--               |                    ['  8.77', '  9.44', ' 10.02', ' 10.53', ' 11.33']
 1 rx1  -*--               |                    ['  8.68', '  9.52', ' 10.04', ' 10.48', ' 11.25']
 1 rx2  --*-               |                    ['  8.89', '  9.56', ' 10.06', ' 10.60', ' 11.45']
 2 rx4                    -|*-                  [' 28.81', ' 29.50', ' 30.06', ' 30.65', ' 31.42']
 2 rx5                    -|*-                  [' 28.88', ' 29.62', ' 30.11', ' 30.60', ' 31.33']
 3 rx3           -*--      |                    [' 18.67', ' 19.49', ' 20.02', ' 20.53', ' 21.26']
 4 rx8                     |       -*--         [' 38.63', ' 39.46', ' 39.97', ' 40.57', ' 41.22']
 4 rx9                     |     --- *---       [' 36.21', ' 38.60', ' 40.19', ' 41.74', ' 43.81']
✅ pass: sk
